android/app/build/intermediates/manifest_merge_blame_file/debug/manifest-merger-blame-debug-report.txt
1<?xml version="1.0" encoding="utf-8"?>
2<manifest xmlns:android="http://schemas.android.com/apk/res/android"
3    package="com.tutor"
4    android:versionCode="1"
5    android:versionName="1.0" >
6
7    <uses-sdk
8        android:minSdkVersion="21"
9        android:targetSdkVersion="33" />
10
11    <uses-permission android:name="android.permission.SYSTEM_ALERT_WINDOW" />
11-->src\debug\AndroidManifest.xml:5:5-77
11-->src\debug\AndroidManifest.xml:5:22-75
12    <uses-permission android:name="android.permission.INTERNET" />
12-->src\main\AndroidManifest.xml:3:5-67
12-->src\main\AndroidManifest.xml:3:22-64
13    <uses-permission android:name="android.permission.ACCESS_WIFI_STATE" />
13-->[com.facebook.flipper:flipper:0.125.0] AndroidManifest.xml:16:5-76
13-->[com.facebook.flipper:flipper:0.125.0] AndroidManifest.xml:16:22-73
14    <uses-permission android:name="android.permission.WAKE_LOCK" />
14-->[androidx.work:work-runtime:2.7.1] AndroidManifest.xml:25:5-68
14-->[androidx.work:work-runtime:2.7.1] AndroidManifest.xml:25:22-65
15    <uses-permission android:name="android.permission.ACCESS_NETWORK_STATE" />
15-->[androidx.work:work-runtime:2.7.1] AndroidManifest.xml:26:5-79
15-->[androidx.work:work-runtime:2.7.1] AndroidManifest.xml:26:22-76
16    <uses-permission android:name="android.permission.RECEIVE_BOOT_COMPLETED" />
16-->[androidx.work:work-runtime:2.7.1] AndroidManifest.xml:27:5-81
16-->[androidx.work:work-runtime:2.7.1] AndroidManifest.xml:27:22-78
17    <uses-permission android:name="android.permission.FOREGROUND_SERVICE" />
17-->[androidx.work:work-runtime:2.7.1] AndroidManifest.xml:28:5-77
17-->[androidx.work:work-runtime:2.7.1] AndroidManifest.xml:28:22-74
18
19    <uses-feature
19-->[com.google.android.gms:play-services-maps:18.0.2] AndroidManifest.xml:26:5-28:35
20        android:glEsVersion="0x00020000"
20-->[com.google.android.gms:play-services-maps:18.0.2] AndroidManifest.xml:27:9-41
21        android:required="true" />
21-->[com.google.android.gms:play-services-maps:18.0.2] AndroidManifest.xml:28:9-32
22
23    <queries>
23-->[com.google.android.gms:play-services-maps:18.0.2] AndroidManifest.xml:30:5-34:15
24
25        <!-- Needs to be explicitly declared on Android R+ -->
26        <package android:name="com.google.android.apps.maps" />
26-->[com.google.android.gms:play-services-maps:18.0.2] AndroidManifest.xml:33:9-64
26-->[com.google.android.gms:play-services-maps:18.0.2] AndroidManifest.xml:33:18-61
27    </queries>
28
29    <application
29-->src\main\AndroidManifest.xml:5:5-24:19
30        android:name="com.tutor.MainApplication"
30-->src\main\AndroidManifest.xml:6:7-38
31        android:allowBackup="false"
31-->src\main\AndroidManifest.xml:10:7-34
32        android:appComponentFactory="androidx.core.app.CoreComponentFactory"
32-->[androidx.core:core:1.7.0] AndroidManifest.xml:24:18-86
33        android:debuggable="true"
34        android:icon="@drawable/logogrey"
34-->src\main\AndroidManifest.xml:8:7-40
35        android:label="@string/app_name"
35-->src\main\AndroidManifest.xml:7:7-39
36        android:roundIcon="@drawable/logogrey"
36-->src\main\AndroidManifest.xml:9:7-45
37        android:theme="@style/AppTheme"
37-->src\main\AndroidManifest.xml:11:7-38
38        android:usesCleartextTraffic="true" >
38-->src\debug\AndroidManifest.xml:8:9-44
39        <activity
39-->src\debug\AndroidManifest.xml:11:9-111
40            android:name="com.facebook.react.devsupport.DevSettingsActivity"
40-->src\debug\AndroidManifest.xml:11:19-83
41            android:exported="false" />
41-->src\debug\AndroidManifest.xml:11:84-108
42        <activity
42-->src\main\AndroidManifest.xml:12:7-23:18
43            android:name="com.tutor.MainActivity"
43-->src\main\AndroidManifest.xml:13:9-37
44            android:configChanges="keyboard|keyboardHidden|orientation|screenLayout|screenSize|smallestScreenSize|uiMode"
44-->src\main\AndroidManifest.xml:15:9-118
45            android:exported="true"
45-->src\main\AndroidManifest.xml:18:9-32
46            android:label="@string/app_name"
46-->src\main\AndroidManifest.xml:14:9-41
47            android:launchMode="singleTask"
47-->src\main\AndroidManifest.xml:16:9-40
48            android:windowSoftInputMode="adjustResize" >
48-->src\main\AndroidManifest.xml:17:9-51
49            <intent-filter>
49-->src\main\AndroidManifest.xml:19:9-22:25
50                <action android:name="android.intent.action.MAIN" />
50-->src\main\AndroidManifest.xml:20:13-65
50-->src\main\AndroidManifest.xml:20:21-62
51
52                <category android:name="android.intent.category.LAUNCHER" />
52-->src\main\AndroidManifest.xml:21:13-73
52-->src\main\AndroidManifest.xml:21:23-70
53            </intent-filter>
54        </activity>
55
56        <provider
56-->[:react-native-image-picker] AndroidManifest.xml:10:9-18:20
57            android:name="com.imagepicker.ImagePickerProvider"
57-->[:react-native-image-picker] AndroidManifest.xml:11:13-63
58            android:authorities="com.tutor.imagepickerprovider"
58-->[:react-native-image-picker] AndroidManifest.xml:12:13-71
59            android:exported="false"
59-->[:react-native-image-picker] AndroidManifest.xml:13:13-37
60            android:grantUriPermissions="true" >
60-->[:react-native-image-picker] AndroidManifest.xml:14:13-47
61            <meta-data
61-->[:react-native-image-picker] AndroidManifest.xml:15:13-17:70
62                android:name="android.support.FILE_PROVIDER_PATHS"
62-->[:react-native-image-picker] AndroidManifest.xml:16:17-67
63                android:resource="@xml/imagepicker_provider_paths" />
63-->[:react-native-image-picker] AndroidManifest.xml:17:17-67
64        </provider>
65        <provider
65-->[androidx.work:work-runtime:2.7.1] AndroidManifest.xml:31:9-39:20
66            android:name="androidx.startup.InitializationProvider"
66-->[androidx.work:work-runtime:2.7.1] AndroidManifest.xml:32:13-67
67            android:authorities="com.tutor.androidx-startup"
67-->[androidx.work:work-runtime:2.7.1] AndroidManifest.xml:33:13-68
68            android:exported="false" >
68-->[androidx.work:work-runtime:2.7.1] AndroidManifest.xml:34:13-37
69            <meta-data
69-->[androidx.work:work-runtime:2.7.1] AndroidManifest.xml:36:13-38:52
70                android:name="androidx.work.WorkManagerInitializer"
70-->[androidx.work:work-runtime:2.7.1] AndroidManifest.xml:37:17-68
71                android:value="androidx.startup" />
71-->[androidx.work:work-runtime:2.7.1] AndroidManifest.xml:38:17-49
72            <meta-data
72-->[androidx.emoji2:emoji2:1.0.0] AndroidManifest.xml:31:13-33:52
73                android:name="androidx.emoji2.text.EmojiCompatInitializer"
73-->[androidx.emoji2:emoji2:1.0.0] AndroidManifest.xml:32:17-75
74                android:value="androidx.startup" />
74-->[androidx.emoji2:emoji2:1.0.0] AndroidManifest.xml:33:17-49
75            <meta-data
75-->[androidx.lifecycle:lifecycle-process:2.4.0] AndroidManifest.xml:31:13-33:52
76                android:name="androidx.lifecycle.ProcessLifecycleInitializer"
76-->[androidx.lifecycle:lifecycle-process:2.4.0] AndroidManifest.xml:32:17-78
77                android:value="androidx.startup" />
77-->[androidx.lifecycle:lifecycle-process:2.4.0] AndroidManifest.xml:33:17-49
78        </provider>
79
80        <service
80-->[androidx.work:work-runtime:2.7.1] AndroidManifest.xml:41:9-46:35
81            android:name="androidx.work.impl.background.systemalarm.SystemAlarmService"
81-->[androidx.work:work-runtime:2.7.1] AndroidManifest.xml:42:13-88
82            android:directBootAware="false"
82-->[androidx.work:work-runtime:2.7.1] AndroidManifest.xml:43:13-44
83            android:enabled="@bool/enable_system_alarm_service_default"
83-->[androidx.work:work-runtime:2.7.1] AndroidManifest.xml:44:13-72
84            android:exported="false" />
84-->[androidx.work:work-runtime:2.7.1] AndroidManifest.xml:45:13-37
85        <service
85-->[androidx.work:work-runtime:2.7.1] AndroidManifest.xml:47:9-53:35
86            android:name="androidx.work.impl.background.systemjob.SystemJobService"
86-->[androidx.work:work-runtime:2.7.1] AndroidManifest.xml:48:13-84
87            android:directBootAware="false"
87-->[androidx.work:work-runtime:2.7.1] AndroidManifest.xml:49:13-44
88            android:enabled="@bool/enable_system_job_service_default"
88-->[androidx.work:work-runtime:2.7.1] AndroidManifest.xml:50:13-70
89            android:exported="true"
89-->[androidx.work:work-runtime:2.7.1] AndroidManifest.xml:51:13-36
90            android:permission="android.permission.BIND_JOB_SERVICE" />
90-->[androidx.work:work-runtime:2.7.1] AndroidManifest.xml:52:13-69
91        <service
91-->[androidx.work:work-runtime:2.7.1] AndroidManifest.xml:54:9-59:35
92            android:name="androidx.work.impl.foreground.SystemForegroundService"
92-->[androidx.work:work-runtime:2.7.1] AndroidManifest.xml:55:13-81
93            android:directBootAware="false"
93-->[androidx.work:work-runtime:2.7.1] AndroidManifest.xml:56:13-44
94            android:enabled="@bool/enable_system_foreground_service_default"
94-->[androidx.work:work-runtime:2.7.1] AndroidManifest.xml:57:13-77
95            android:exported="false" />
95-->[androidx.work:work-runtime:2.7.1] AndroidManifest.xml:58:13-37
96
97        <receiver
97-->[androidx.work:work-runtime:2.7.1] AndroidManifest.xml:61:9-66:35
98            android:name="androidx.work.impl.utils.ForceStopRunnable$BroadcastReceiver"
98-->[androidx.work:work-runtime:2.7.1] AndroidManifest.xml:62:13-88
99            android:directBootAware="false"
99-->[androidx.work:work-runtime:2.7.1] AndroidManifest.xml:63:13-44
100            android:enabled="true"
100-->[androidx.work:work-runtime:2.7.1] AndroidManifest.xml:64:13-35
101            android:exported="false" />
101-->[androidx.work:work-runtime:2.7.1] AndroidManifest.xml:65:13-37
102        <receiver
102-->[androidx.work:work-runtime:2.7.1] AndroidManifest.xml:67:9-77:20
103            android:name="androidx.work.impl.background.systemalarm.ConstraintProxy$BatteryChargingProxy"
103-->[androidx.work:work-runtime:2.7.1] AndroidManifest.xml:68:13-106
104            android:directBootAware="false"
104-->[androidx.work:work-runtime:2.7.1] AndroidManifest.xml:69:13-44
105            android:enabled="false"
105-->[androidx.work:work-runtime:2.7.1] AndroidManifest.xml:70:13-36
106            android:exported="false" >
106-->[androidx.work:work-runtime:2.7.1] AndroidManifest.xml:71:13-37
107            <intent-filter>
107-->[androidx.work:work-runtime:2.7.1] AndroidManifest.xml:73:13-76:29
108                <action android:name="android.intent.action.ACTION_POWER_CONNECTED" />
108-->[androidx.work:work-runtime:2.7.1] AndroidManifest.xml:74:17-87
108-->[androidx.work:work-runtime:2.7.1] AndroidManifest.xml:74:25-84
109                <action android:name="android.intent.action.ACTION_POWER_DISCONNECTED" />
109-->[androidx.work:work-runtime:2.7.1] AndroidManifest.xml:75:17-90
109-->[androidx.work:work-runtime:2.7.1] AndroidManifest.xml:75:25-87
110            </intent-filter>
111        </receiver>
112        <receiver
112-->[androidx.work:work-runtime:2.7.1] AndroidManifest.xml:78:9-88:20
113            android:name="androidx.work.impl.background.systemalarm.ConstraintProxy$BatteryNotLowProxy"
113-->[androidx.work:work-runtime:2.7.1] AndroidManifest.xml:79:13-104
114            android:directBootAware="false"
114-->[androidx.work:work-runtime:2.7.1] AndroidManifest.xml:80:13-44
115            android:enabled="false"
115-->[androidx.work:work-runtime:2.7.1] AndroidManifest.xml:81:13-36
116            android:exported="false" >
116-->[androidx.work:work-runtime:2.7.1] AndroidManifest.xml:82:13-37
117            <intent-filter>
117-->[androidx.work:work-runtime:2.7.1] AndroidManifest.xml:84:13-87:29
118                <action android:name="android.intent.action.BATTERY_OKAY" />
118-->[androidx.work:work-runtime:2.7.1] AndroidManifest.xml:85:17-77
118-->[androidx.work:work-runtime:2.7.1] AndroidManifest.xml:85:25-74
119                <action android:name="android.intent.action.BATTERY_LOW" />
119-->[androidx.work:work-runtime:2.7.1] AndroidManifest.xml:86:17-76
119-->[androidx.work:work-runtime:2.7.1] AndroidManifest.xml:86:25-73
120            </intent-filter>
121        </receiver>
122        <receiver
122-->[androidx.work:work-runtime:2.7.1] AndroidManifest.xml:89:9-99:20
123            android:name="androidx.work.impl.background.systemalarm.ConstraintProxy$StorageNotLowProxy"
123-->[androidx.work:work-runtime:2.7.1] AndroidManifest.xml:90:13-104
124            android:directBootAware="false"
124-->[androidx.work:work-runtime:2.7.1] AndroidManifest.xml:91:13-44
125            android:enabled="false"
125-->[androidx.work:work-runtime:2.7.1] AndroidManifest.xml:92:13-36
126            android:exported="false" >
126-->[androidx.work:work-runtime:2.7.1] AndroidManifest.xml:93:13-37
127            <intent-filter>
127-->[androidx.work:work-runtime:2.7.1] AndroidManifest.xml:95:13-98:29
128                <action android:name="android.intent.action.DEVICE_STORAGE_LOW" />
128-->[androidx.work:work-runtime:2.7.1] AndroidManifest.xml:96:17-83
128-->[androidx.work:work-runtime:2.7.1] AndroidManifest.xml:96:25-80
129                <action android:name="android.intent.action.DEVICE_STORAGE_OK" />
129-->[androidx.work:work-runtime:2.7.1] AndroidManifest.xml:97:17-82
129-->[androidx.work:work-runtime:2.7.1] AndroidManifest.xml:97:25-79
130            </intent-filter>
131        </receiver>
132        <receiver
132-->[androidx.work:work-runtime:2.7.1] AndroidManifest.xml:100:9-109:20
133            android:name="androidx.work.impl.background.systemalarm.ConstraintProxy$NetworkStateProxy"
133-->[androidx.work:work-runtime:2.7.1] AndroidManifest.xml:101:13-103
134            android:directBootAware="false"
134-->[androidx.work:work-runtime:2.7.1] AndroidManifest.xml:102:13-44
135            android:enabled="false"
135-->[androidx.work:work-runtime:2.7.1] AndroidManifest.xml:103:13-36
136            android:exported="false" >
136-->[androidx.work:work-runtime:2.7.1] AndroidManifest.xml:104:13-37
137            <intent-filter>
137-->[androidx.work:work-runtime:2.7.1] AndroidManifest.xml:106:13-108:29
138                <action android:name="android.net.conn.CONNECTIVITY_CHANGE" />
138-->[androidx.work:work-runtime:2.7.1] AndroidManifest.xml:107:17-79
138-->[androidx.work:work-runtime:2.7.1] AndroidManifest.xml:107:25-76
139            </intent-filter>
140        </receiver>
141        <receiver
141-->[androidx.work:work-runtime:2.7.1] AndroidManifest.xml:110:9-121:20
142            android:name="androidx.work.impl.background.systemalarm.RescheduleReceiver"
142-->[androidx.work:work-runtime:2.7.1] AndroidManifest.xml:111:13-88
143            android:directBootAware="false"
143-->[androidx.work:work-runtime:2.7.1] AndroidManifest.xml:112:13-44
144            android:enabled="false"
144-->[androidx.work:work-runtime:2.7.1] AndroidManifest.xml:113:13-36
145            android:exported="false" >
145-->[androidx.work:work-runtime:2.7.1] AndroidManifest.xml:114:13-37
146            <intent-filter>
146-->[androidx.work:work-runtime:2.7.1] AndroidManifest.xml:116:13-120:29
147                <action android:name="android.intent.action.BOOT_COMPLETED" />
147-->[androidx.work:work-runtime:2.7.1] AndroidManifest.xml:117:17-79
147-->[androidx.work:work-runtime:2.7.1] AndroidManifest.xml:117:25-76
148                <action android:name="android.intent.action.TIME_SET" />
148-->[androidx.work:work-runtime:2.7.1] AndroidManifest.xml:118:17-73
148-->[androidx.work:work-runtime:2.7.1] AndroidManifest.xml:118:25-70
149                <action android:name="android.intent.action.TIMEZONE_CHANGED" />
149-->[androidx.work:work-runtime:2.7.1] AndroidManifest.xml:119:17-81
149-->[androidx.work:work-runtime:2.7.1] AndroidManifest.xml:119:25-78
150            </intent-filter>
151        </receiver>
152        <receiver
152-->[androidx.work:work-runtime:2.7.1] AndroidManifest.xml:122:9-131:20
153            android:name="androidx.work.impl.background.systemalarm.ConstraintProxyUpdateReceiver"
153-->[androidx.work:work-runtime:2.7.1] AndroidManifest.xml:123:13-99
154            android:directBootAware="false"
154-->[androidx.work:work-runtime:2.7.1] AndroidManifest.xml:124:13-44
155            android:enabled="@bool/enable_system_alarm_service_default"
155-->[androidx.work:work-runtime:2.7.1] AndroidManifest.xml:125:13-72
156            android:exported="false" >
156-->[androidx.work:work-runtime:2.7.1] AndroidManifest.xml:126:13-37
157            <intent-filter>
157-->[androidx.work:work-runtime:2.7.1] AndroidManifest.xml:128:13-130:29
158                <action android:name="androidx.work.impl.background.systemalarm.UpdateProxies" />
158-->[androidx.work:work-runtime:2.7.1] AndroidManifest.xml:129:17-98
158-->[androidx.work:work-runtime:2.7.1] AndroidManifest.xml:129:25-95
159            </intent-filter>
160        </receiver>
161        <receiver
161-->[androidx.work:work-runtime:2.7.1] AndroidManifest.xml:132:9-142:20
162            android:name="androidx.work.impl.diagnostics.DiagnosticsReceiver"
162-->[androidx.work:work-runtime:2.7.1] AndroidManifest.xml:133:13-78
163            android:directBootAware="false"
163-->[androidx.work:work-runtime:2.7.1] AndroidManifest.xml:134:13-44
164            android:enabled="true"
164-->[androidx.work:work-runtime:2.7.1] AndroidManifest.xml:135:13-35
165            android:exported="true"
165-->[androidx.work:work-runtime:2.7.1] AndroidManifest.xml:136:13-36
166            android:permission="android.permission.DUMP" >
166-->[androidx.work:work-runtime:2.7.1] AndroidManifest.xml:137:13-57
167            <intent-filter>
167-->[androidx.work:work-runtime:2.7.1] AndroidManifest.xml:139:13-141:29
168                <action android:name="androidx.work.diagnostics.REQUEST_DIAGNOSTICS" />
168-->[androidx.work:work-runtime:2.7.1] AndroidManifest.xml:140:17-88
168-->[androidx.work:work-runtime:2.7.1] AndroidManifest.xml:140:25-85
169            </intent-filter>
170        </receiver>
171
172        <service
172-->[androidx.room:room-runtime:2.2.5] AndroidManifest.xml:25:9-28:40
173            android:name="androidx.room.MultiInstanceInvalidationService"
173-->[androidx.room:room-runtime:2.2.5] AndroidManifest.xml:26:13-74
174            android:directBootAware="true"
174-->[androidx.room:room-runtime:2.2.5] AndroidManifest.xml:27:13-43
175            android:exported="false" /> <!-- Needs to be explicitly declared on P+ -->
175-->[androidx.room:room-runtime:2.2.5] AndroidManifest.xml:28:13-37
176        <uses-library
176-->[com.google.android.gms:play-services-maps:18.0.2] AndroidManifest.xml:39:9-41:40
177            android:name="org.apache.http.legacy"
177-->[com.google.android.gms:play-services-maps:18.0.2] AndroidManifest.xml:40:13-50
178            android:required="false" />
178-->[com.google.android.gms:play-services-maps:18.0.2] AndroidManifest.xml:41:13-37
179
180        <activity
180-->[com.google.android.gms:play-services-base:18.1.0] AndroidManifest.xml:20:9-22:45
181            android:name="com.google.android.gms.common.api.GoogleApiActivity"
181-->[com.google.android.gms:play-services-base:18.1.0] AndroidManifest.xml:20:19-85
182            android:exported="false"
182-->[com.google.android.gms:play-services-base:18.1.0] AndroidManifest.xml:22:19-43
183            android:theme="@android:style/Theme.Translucent.NoTitleBar" />
183-->[com.google.android.gms:play-services-base:18.1.0] AndroidManifest.xml:21:19-78
184
185        <meta-data
185-->[com.google.android.gms:play-services-basement:18.1.0] AndroidManifest.xml:21:9-23:69
186            android:name="com.google.android.gms.version"
186-->[com.google.android.gms:play-services-basement:18.1.0] AndroidManifest.xml:22:13-58
187            android:value="@integer/google_play_services_version" />
187-->[com.google.android.gms:play-services-basement:18.1.0] AndroidManifest.xml:23:13-66
188    </application>
189
190</manifest>